Usuario.obj : error LNK2001: símbolo externo "__declspec(dllimport) public: __cdecl sf::String::String(class std::basic_string<char,struct std::char_traits<char>,class std::allocator<char> > const &,class std::locale const &)" (__imp_??0String@sf@@QEAA@AEBV?$basic_string@DU?$char_traits@D@std@@V?$allocator@D@2@@std@@AEBVlocale@3@@Z) sin resolver
Boton.obj : error LNK2001: símbolo externo "__declspec(dllimport) public: __cdecl sf::String::String(class std::basic_string<char,struct std::char_traits<char>,class std::allocator<char> > const &,class std::locale const &)" (__imp_??0String@sf@@QEAA@AEBV?$basic_string@DU?$char_traits@D@std@@V?$allocator@D@2@@std@@AEBVlocale@3@@Z) sin resolver
main.obj : error LNK2001: símbolo externo "__declspec(dllimport) public: __cdecl sf::String::String(class std::basic_string<char,struct std::char_traits<char>,class std::allocator<char> > const &,class std::locale const &)" (__imp_??0String@sf@@QEAA@AEBV?$basic_string@DU?$char_traits@D@std@@V?$allocator@D@2@@std@@AEBVlocale@3@@Z) sin resolver
Menu.obj : error LNK2001: símbolo externo "__declspec(dllimport) public: __cdecl sf::String::String(class std::basic_string<char,struct std::char_traits<char>,class std::allocator<char> > const &,class std::locale const &)" (__imp_??0String@sf@@QEAA@AEBV?$basic_string@DU?$char_traits@D@std@@V?$allocator@D@2@@std@@AEBVlocale@3@@Z) sin resolver
Puzle.obj : error LNK2001: símbolo externo "__declspec(dllimport) public: __cdecl sf::String::String(class std::basic_string<char,struct std::char_traits<char>,class std::allocator<char> > const &,class std::locale const &)" (__imp_??0String@sf@@QEAA@AEBV?$basic_string@DU?$char_traits@D@std@@V?$allocator@D@2@@std@@AEBVlocale@3@@Z) sin resolver
Usuario.obj : error LNK2001: símbolo externo "__declspec(dllimport) public: __cdecl sf::String::~String(void)" (__imp_??1String@sf@@QEAA@XZ) sin resolver
Boton.obj : error LNK2001: símbolo externo "__declspec(dllimport) public: __cdecl sf::String::~String(void)" (__imp_??1String@sf@@QEAA@XZ) sin resolver
main.obj : error LNK2001: símbolo externo "__declspec(dllimport) public: __cdecl sf::String::~String(void)" (__imp_??1String@sf@@QEAA@XZ) sin resolver
Menu.obj : error LNK2001: símbolo externo "__declspec(dllimport) public: __cdecl sf::String::~String(void)" (__imp_??1String@sf@@QEAA@XZ) sin resolver
Puzle.obj : error LNK2001: símbolo externo "__declspec(dllimport) public: __cdecl sf::String::~String(void)" (__imp_??1String@sf@@QEAA@XZ) sin resolver
Usuario.obj : error LNK2001: símbolo externo "__declspec(dllimport) public: virtual __cdecl sf::Drawable::~Drawable(void)" (__imp_??1Drawable@sf@@UEAA@XZ) sin resolver
Boton.obj : error LNK2001: símbolo externo "__declspec(dllimport) public: virtual __cdecl sf::Drawable::~Drawable(void)" (__imp_??1Drawable@sf@@UEAA@XZ) sin resolver
Menu.obj : error LNK2001: símbolo externo "__declspec(dllimport) public: virtual __cdecl sf::Drawable::~Drawable(void)" (__imp_??1Drawable@sf@@UEAA@XZ) sin resolver
Pieza.obj : error LNK2001: símbolo externo "__declspec(dllimport) public: virtual __cdecl sf::Drawable::~Drawable(void)" (__imp_??1Drawable@sf@@UEAA@XZ) sin resolver
Puzle.obj : error LNK2001: símbolo externo "__declspec(dllimport) public: virtual __cdecl sf::Drawable::~Drawable(void)" (__imp_??1Drawable@sf@@UEAA@XZ) sin resolver
Boton.obj : error LNK2019: símbolo externo "__declspec(dllimport) public: __cdecl sf::Drawable::Drawable(void)" (__imp_??0Drawable@sf@@QEAA@XZ) sin resolver al que se hace referencia en la función "public: __cdecl Boton::Boton(class sf::Vector2<float>,class std::basic_string<char,struct std::char_traits<char>,class std::allocator<char> > const &,class std::basic_string<char,struct std::char_traits<char>,class std::allocator<char> > const &,class std::basic_string<char,struct std::char_traits<char>,class std::allocator<char> > const &,int,class sf::Color const &)" (??0Boton@@QEAA@V?$Vector2@M@sf@@AEBV?$basic_string@DU?$char_traits@D@std@@V?$allocator@D@2@@std@@11HAEBVColor@2@@Z)
Pieza.obj : error LNK2001: símbolo externo "__declspec(dllimport) public: __cdecl sf::Drawable::Drawable(void)" (__imp_??0Drawable@sf@@QEAA@XZ) sin resolver
Boton.obj : error LNK2019: símbolo externo "__declspec(dllimport) public: void __cdecl sf::Transformable::setPosition(float,float)" (__imp_?setPosition@Transformable@sf@@QEAAXMM@Z) sin resolver al que se hace referencia en la función "public: void __cdecl Boton::update(class sf::Event)" (?update@Boton@@QEAAXVEvent@sf@@@Z)
Pieza.obj : error LNK2001: símbolo externo "__declspec(dllimport) public: void __cdecl sf::Transformable::setPosition(float,float)" (__imp_?setPosition@Transformable@sf@@QEAAXMM@Z) sin resolver
Puzle.obj : error LNK2001: símbolo externo "__declspec(dllimport) public: void __cdecl sf::Transformable::setPosition(float,float)" (__imp_?setPosition@Transformable@sf@@QEAAXMM@Z) sin resolver
Usuario.obj : error LNK2001: símbolo externo "__declspec(dllimport) public: void __cdecl sf::Transformable::setPosition(float,float)" (__imp_?setPosition@Transformable@sf@@QEAAXMM@Z) sin resolver
Usuario.obj : error LNK2001: símbolo externo "__declspec(dllimport) public: void __cdecl sf::Transformable::setPosition(class sf::Vector2<float> const &)" (__imp_?setPosition@Transformable@sf@@QEAAXAEBV?$Vector2@M@2@@Z) sin resolver
Boton.obj : error LNK2001: símbolo externo "__declspec(dllimport) public: void __cdecl sf::Transformable::setPosition(class sf::Vector2<float> const &)" (__imp_?setPosition@Transformable@sf@@QEAAXAEBV?$Vector2@M@2@@Z) sin resolver
main.obj : error LNK2001: símbolo externo "__declspec(dllimport) public: void __cdecl sf::Transformable::setPosition(class sf::Vector2<float> const &)" (__imp_?setPosition@Transformable@sf@@QEAAXAEBV?$Vector2@M@2@@Z) sin resolver
Menu.obj : error LNK2001: símbolo externo "__declspec(dllimport) public: void __cdecl sf::Transformable::setPosition(class sf::Vector2<float> const &)" (__imp_?setPosition@Transformable@sf@@QEAAXAEBV?$Vector2@M@2@@Z) sin resolver
Puzle.obj : error LNK2001: símbolo externo "__declspec(dllimport) public: void __cdecl sf::Transformable::setPosition(class sf::Vector2<float> const &)" (__imp_?setPosition@Transformable@sf@@QEAAXAEBV?$Vector2@M@2@@Z) sin resolver
Usuario.obj : error LNK2001: símbolo externo "__declspec(dllimport) public: void __cdecl sf::Transformable::setOrigin(float,float)" (__imp_?setOrigin@Transformable@sf@@QEAAXMM@Z) sin resolver
Boton.obj : error LNK2001: símbolo externo "__declspec(dllimport) public: void __cdecl sf::Transformable::setOrigin(float,float)" (__imp_?setOrigin@Transformable@sf@@QEAAXMM@Z) sin resolver
main.obj : error LNK2001: símbolo externo "__declspec(dllimport) public: void __cdecl sf::Transformable::setOrigin(float,float)" (__imp_?setOrigin@Transformable@sf@@QEAAXMM@Z) sin resolver
Menu.obj : error LNK2001: símbolo externo "__declspec(dllimport) public: void __cdecl sf::Transformable::setOrigin(float,float)" (__imp_?setOrigin@Transformable@sf@@QEAAXMM@Z) sin resolver
Puzle.obj : error LNK2001: símbolo externo "__declspec(dllimport) public: void __cdecl sf::Transformable::setOrigin(float,float)" (__imp_?setOrigin@Transformable@sf@@QEAAXMM@Z) sin resolver
Usuario.obj : error LNK2001: símbolo externo "__declspec(dllimport) public: __cdecl sf::Texture::Texture(void)" (__imp_??0Texture@sf@@QEAA@XZ) sin resolver
Boton.obj : error LNK2001: símbolo externo "__declspec(dllimport) public: __cdecl sf::Texture::Texture(void)" (__imp_??0Texture@sf@@QEAA@XZ) sin resolver
Menu.obj : error LNK2001: símbolo externo "__declspec(dllimport) public: __cdecl sf::Texture::Texture(void)" (__imp_??0Texture@sf@@QEAA@XZ) sin resolver
Pieza.obj : error LNK2001: símbolo externo "__declspec(dllimport) public: __cdecl sf::Texture::Texture(void)" (__imp_??0Texture@sf@@QEAA@XZ) sin resolver
Puzle.obj : error LNK2001: símbolo externo "__declspec(dllimport) public: __cdecl sf::Texture::Texture(void)" (__imp_??0Texture@sf@@QEAA@XZ) sin resolver
Boton.obj : error LNK2019: símbolo externo "__declspec(dllimport) public: __cdecl sf::Texture::Texture(class sf::Texture const &)" (__imp_??0Texture@sf@@QEAA@AEBV01@@Z) sin resolver al que se hace referencia en la función "public: static void __cdecl std::_Default_allocator_traits<class std::allocator<class sf::Texture> >::construct<class sf::Texture,class sf::Texture &>(class std::allocator<class sf::Texture> &,class sf::Texture * const,class sf::Texture &)" (??$construct@VTexture@sf@@AEAV12@@?$_Default_allocator_traits@V?$allocator@VTexture@sf@@@std@@@std@@SAXAEAV?$allocator@VTexture@sf@@@1@QEAVTexture@sf@@AEAV34@@Z)
Menu.obj : error LNK2001: símbolo externo "__declspec(dllimport) public: __cdecl sf::Texture::Texture(class sf::Texture const &)" (__imp_??0Texture@sf@@QEAA@AEBV01@@Z) sin resolver
Puzle.obj : error LNK2001: símbolo externo "__declspec(dllimport) public: __cdecl sf::Texture::Texture(class sf::Texture const &)" (__imp_??0Texture@sf@@QEAA@AEBV01@@Z) sin resolver
Usuario.obj : error LNK2001: símbolo externo "__declspec(dllimport) public: __cdecl sf::Texture::Texture(class sf::Texture const &)" (__imp_??0Texture@sf@@QEAA@AEBV01@@Z) sin resolver
Puzle.obj : error LNK2001: símbolo externo "__declspec(dllimport) public: __cdecl sf::Texture::~Texture(void)" (__imp_??1Texture@sf@@QEAA@XZ) sin resolver
Usuario.obj : error LNK2001: símbolo externo "__declspec(dllimport) public: __cdecl sf::Texture::~Texture(void)" (__imp_??1Texture@sf@@QEAA@XZ) sin resolver
Boton.obj : error LNK2001: símbolo externo "__declspec(dllimport) public: __cdecl sf::Texture::~Texture(void)" (__imp_??1Texture@sf@@QEAA@XZ) sin resolver
main.obj : error LNK2001: símbolo externo "__declspec(dllimport) public: __cdecl sf::Texture::~Texture(void)" (__imp_??1Texture@sf@@QEAA@XZ) sin resolver
Menu.obj : error LNK2001: símbolo externo "__declspec(dllimport) public: __cdecl sf::Texture::~Texture(void)" (__imp_??1Texture@sf@@QEAA@XZ) sin resolver
Pieza.obj : error LNK2001: símbolo externo "__declspec(dllimport) public: __cdecl sf::Texture::~Texture(void)" (__imp_??1Texture@sf@@QEAA@XZ) sin resolver
Usuario.obj : error LNK2001: símbolo externo "__declspec(dllimport) public: bool __cdecl sf::Texture::loadFromFile(class std::basic_string<char,struct std::char_traits<char>,class std::allocator<char> > const &,class sf::Rect<int> const &)" (__imp_?loadFromFile@Texture@sf@@QEAA_NAEBV?$basic_string@DU?$char_traits@D@std@@V?$allocator@D@2@@std@@AEBV?$Rect@H@2@@Z) sin resolver
Boton.obj : error LNK2001: símbolo externo "__declspec(dllimport) public: bool __cdecl sf::Texture::loadFromFile(class std::basic_string<char,struct std::char_traits<char>,class std::allocator<char> > const &,class sf::Rect<int> const &)" (__imp_?loadFromFile@Texture@sf@@QEAA_NAEBV?$basic_string@DU?$char_traits@D@std@@V?$allocator@D@2@@std@@AEBV?$Rect@H@2@@Z) sin resolver
Menu.obj : error LNK2001: símbolo externo "__declspec(dllimport) public: bool __cdecl sf::Texture::loadFromFile(class std::basic_string<char,struct std::char_traits<char>,class std::allocator<char> > const &,class sf::Rect<int> const &)" (__imp_?loadFromFile@Texture@sf@@QEAA_NAEBV?$basic_string@DU?$char_traits@D@std@@V?$allocator@D@2@@std@@AEBV?$Rect@H@2@@Z) sin resolver
Pieza.obj : error LNK2001: símbolo externo "__declspec(dllimport) public: bool __cdecl sf::Texture::loadFromFile(class std::basic_string<char,struct std::char_traits<char>,class std::allocator<char> > const &,class sf::Rect<int> const &)" (__imp_?loadFromFile@Texture@sf@@QEAA_NAEBV?$basic_string@DU?$char_traits@D@std@@V?$allocator@D@2@@std@@AEBV?$Rect@H@2@@Z) sin resolver
Puzle.obj : error LNK2001: símbolo externo "__declspec(dllimport) public: bool __cdecl sf::Texture::loadFromFile(class std::basic_string<char,struct std::char_traits<char>,class std::allocator<char> > const &,class sf::Rect<int> const &)" (__imp_?loadFromFile@Texture@sf@@QEAA_NAEBV?$basic_string@DU?$char_traits@D@std@@V?$allocator@D@2@@std@@AEBV?$Rect@H@2@@Z) sin resolver
Boton.obj : error LNK2019: símbolo externo "__declspec(dllimport) public: class sf::Vector2<unsigned int> __cdecl sf::Texture::getSize(void)const " (__imp_?getSize@Texture@sf@@QEBA?AV?$Vector2@I@2@XZ) sin resolver al que se hace referencia en la función "public: __cdecl Boton::Boton(class sf::Vector2<float>,class std::basic_string<char,struct std::char_traits<char>,class std::allocator<char> > const &,class std::basic_string<char,struct std::char_traits<char>,class std::allocator<char> > const &,class std::basic_string<char,struct std::char_traits<char>,class std::allocator<char> > const &,int,class sf::Color const &)" (??0Boton@@QEAA@V?$Vector2@M@sf@@AEBV?$basic_string@DU?$char_traits@D@std@@V?$allocator@D@2@@std@@11HAEBVColor@2@@Z)
Puzle.obj : error LNK2001: símbolo externo "__declspec(dllimport) public: class sf::Vector2<unsigned int> __cdecl sf::Texture::getSize(void)const " (__imp_?getSize@Texture@sf@@QEBA?AV?$Vector2@I@2@XZ) sin resolver
Usuario.obj : error LNK2001: símbolo externo "__declspec(dllimport) public: __cdecl sf::Font::Font(void)" (__imp_??0Font@sf@@QEAA@XZ) sin resolver
Boton.obj : error LNK2001: símbolo externo "__declspec(dllimport) public: __cdecl sf::Font::Font(void)" (__imp_??0Font@sf@@QEAA@XZ) sin resolver
main.obj : error LNK2001: símbolo externo "__declspec(dllimport) public: __cdecl sf::Font::Font(void)" (__imp_??0Font@sf@@QEAA@XZ) sin resolver
Menu.obj : error LNK2001: símbolo externo "__declspec(dllimport) public: __cdecl sf::Font::Font(void)" (__imp_??0Font@sf@@QEAA@XZ) sin resolver
Puzle.obj : error LNK2001: símbolo externo "__declspec(dllimport) public: __cdecl sf::Font::Font(void)" (__imp_??0Font@sf@@QEAA@XZ) sin resolver
Usuario.obj : error LNK2001: símbolo externo "__declspec(dllimport) public: __cdecl sf::Font::~Font(void)" (__imp_??1Font@sf@@QEAA@XZ) sin resolver
Boton.obj : error LNK2001: símbolo externo "__declspec(dllimport) public: __cdecl sf::Font::~Font(void)" (__imp_??1Font@sf@@QEAA@XZ) sin resolver
main.obj : error LNK2001: símbolo externo "__declspec(dllimport) public: __cdecl sf::Font::~Font(void)" (__imp_??1Font@sf@@QEAA@XZ) sin resolver
Menu.obj : error LNK2001: símbolo externo "__declspec(dllimport) public: __cdecl sf::Font::~Font(void)" (__imp_??1Font@sf@@QEAA@XZ) sin resolver
Puzle.obj : error LNK2001: símbolo externo "__declspec(dllimport) public: __cdecl sf::Font::~Font(void)" (__imp_??1Font@sf@@QEAA@XZ) sin resolver
Usuario.obj : error LNK2001: símbolo externo "__declspec(dllimport) public: bool __cdecl sf::Font::loadFromFile(class std::basic_string<char,struct std::char_traits<char>,class std::allocator<char> > const &)" (__imp_?loadFromFile@Font@sf@@QEAA_NAEBV?$basic_string@DU?$char_traits@D@std@@V?$allocator@D@2@@std@@@Z) sin resolver
Boton.obj : error LNK2001: símbolo externo "__declspec(dllimport) public: bool __cdecl sf::Font::loadFromFile(class std::basic_string<char,struct std::char_traits<char>,class std::allocator<char> > const &)" (__imp_?loadFromFile@Font@sf@@QEAA_NAEBV?$basic_string@DU?$char_traits@D@std@@V?$allocator@D@2@@std@@@Z) sin resolver
main.obj : error LNK2001: símbolo externo "__declspec(dllimport) public: bool __cdecl sf::Font::loadFromFile(class std::basic_string<char,struct std::char_traits<char>,class std::allocator<char> > const &)" (__imp_?loadFromFile@Font@sf@@QEAA_NAEBV?$basic_string@DU?$char_traits@D@std@@V?$allocator@D@2@@std@@@Z) sin resolver
Menu.obj : error LNK2001: símbolo externo "__declspec(dllimport) public: bool __cdecl sf::Font::loadFromFile(class std::basic_string<char,struct std::char_traits<char>,class std::allocator<char> > const &)" (__imp_?loadFromFile@Font@sf@@QEAA_NAEBV?$basic_string@DU?$char_traits@D@std@@V?$allocator@D@2@@std@@@Z) sin resolver
Puzle.obj : error LNK2001: símbolo externo "__declspec(dllimport) public: bool __cdecl sf::Font::loadFromFile(class std::basic_string<char,struct std::char_traits<char>,class std::allocator<char> > const &)" (__imp_?loadFromFile@Font@sf@@QEAA_NAEBV?$basic_string@DU?$char_traits@D@std@@V?$allocator@D@2@@std@@@Z) sin resolver
Puzle.obj : error LNK2001: símbolo externo "__declspec(dllimport) public: void __cdecl sf::RenderTarget::draw(class sf::Drawable const &,class sf::RenderStates const &)" (__imp_?draw@RenderTarget@sf@@QEAAXAEBVDrawable@2@AEBVRenderStates@2@@Z) sin resolver
Usuario.obj : error LNK2001: símbolo externo "__declspec(dllimport) public: void __cdecl sf::RenderTarget::draw(class sf::Drawable const &,class sf::RenderStates const &)" (__imp_?draw@RenderTarget@sf@@QEAAXAEBVDrawable@2@AEBVRenderStates@2@@Z) sin resolver
Boton.obj : error LNK2001: símbolo externo "__declspec(dllimport) public: void __cdecl sf::RenderTarget::draw(class sf::Drawable const &,class sf::RenderStates const &)" (__imp_?draw@RenderTarget@sf@@QEAAXAEBVDrawable@2@AEBVRenderStates@2@@Z) sin resolver
main.obj : error LNK2001: símbolo externo "__declspec(dllimport) public: void __cdecl sf::RenderTarget::draw(class sf::Drawable const &,class sf::RenderStates const &)" (__imp_?draw@RenderTarget@sf@@QEAAXAEBVDrawable@2@AEBVRenderStates@2@@Z) sin resolver
Menu.obj : error LNK2001: símbolo externo "__declspec(dllimport) public: void __cdecl sf::RenderTarget::draw(class sf::Drawable const &,class sf::RenderStates const &)" (__imp_?draw@RenderTarget@sf@@QEAAXAEBVDrawable@2@AEBVRenderStates@2@@Z) sin resolver
Pieza.obj : error LNK2001: símbolo externo "__declspec(dllimport) public: void __cdecl sf::RenderTarget::draw(class sf::Drawable const &,class sf::RenderStates const &)" (__imp_?draw@RenderTarget@sf@@QEAAXAEBVDrawable@2@AEBVRenderStates@2@@Z) sin resolver
Usuario.obj : error LNK2001: símbolo externo "__declspec(dllimport) public: __cdecl sf::Sprite::Sprite(void)" (__imp_??0Sprite@sf@@QEAA@XZ) sin resolver
Boton.obj : error LNK2001: símbolo externo "__declspec(dllimport) public: __cdecl sf::Sprite::Sprite(void)" (__imp_??0Sprite@sf@@QEAA@XZ) sin resolver
Menu.obj : error LNK2001: símbolo externo "__declspec(dllimport) public: __cdecl sf::Sprite::Sprite(void)" (__imp_??0Sprite@sf@@QEAA@XZ) sin resolver
Pieza.obj : error LNK2001: símbolo externo "__declspec(dllimport) public: __cdecl sf::Sprite::Sprite(void)" (__imp_??0Sprite@sf@@QEAA@XZ) sin resolver
Puzle.obj : error LNK2001: símbolo externo "__declspec(dllimport) public: __cdecl sf::Sprite::Sprite(void)" (__imp_??0Sprite@sf@@QEAA@XZ) sin resolver
Usuario.obj : error LNK2001: símbolo externo "__declspec(dllimport) public: void __cdecl sf::Sprite::setTexture(class sf::Texture const &,bool)" (__imp_?setTexture@Sprite@sf@@QEAAXAEBVTexture@2@_N@Z) sin resolver
Boton.obj : error LNK2001: símbolo externo "__declspec(dllimport) public: void __cdecl sf::Sprite::setTexture(class sf::Texture const &,bool)" (__imp_?setTexture@Sprite@sf@@QEAAXAEBVTexture@2@_N@Z) sin resolver
Menu.obj : error LNK2001: símbolo externo "__declspec(dllimport) public: void __cdecl sf::Sprite::setTexture(class sf::Texture const &,bool)" (__imp_?setTexture@Sprite@sf@@QEAAXAEBVTexture@2@_N@Z) sin resolver
Pieza.obj : error LNK2001: símbolo externo "__declspec(dllimport) public: void __cdecl sf::Sprite::setTexture(class sf::Texture const &,bool)" (__imp_?setTexture@Sprite@sf@@QEAAXAEBVTexture@2@_N@Z) sin resolver
Puzle.obj : error LNK2001: símbolo externo "__declspec(dllimport) public: void __cdecl sf::Sprite::setTexture(class sf::Texture const &,bool)" (__imp_?setTexture@Sprite@sf@@QEAAXAEBVTexture@2@_N@Z) sin resolver
Boton.obj : error LNK2019: símbolo externo "__declspec(dllimport) public: class sf::Rect<float> __cdecl sf::Sprite::getGlobalBounds(void)const " (__imp_?getGlobalBounds@Sprite@sf@@QEBA?AV?$Rect@M@2@XZ) sin resolver al que se hace referencia en la función "public: void __cdecl Boton::update(class sf::Event)" (?update@Boton@@QEAAXVEvent@sf@@@Z)
Pieza.obj : error LNK2001: símbolo externo "__declspec(dllimport) public: class sf::Rect<float> __cdecl sf::Sprite::getGlobalBounds(void)const " (__imp_?getGlobalBounds@Sprite@sf@@QEBA?AV?$Rect@M@2@XZ) sin resolver
Puzle.obj : error LNK2001: símbolo externo "__declspec(dllimport) public: class sf::Rect<float> __cdecl sf::Sprite::getGlobalBounds(void)const " (__imp_?getGlobalBounds@Sprite@sf@@QEBA?AV?$Rect@M@2@XZ) sin resolver
Puzle.obj : error LNK2001: símbolo externo "__declspec(dllimport) public: virtual __cdecl sf::Sprite::~Sprite(void)" (__imp_??1Sprite@sf@@UEAA@XZ) sin resolver
Usuario.obj : error LNK2001: símbolo externo "__declspec(dllimport) public: virtual __cdecl sf::Sprite::~Sprite(void)" (__imp_??1Sprite@sf@@UEAA@XZ) sin resolver
Boton.obj : error LNK2001: símbolo externo "__declspec(dllimport) public: virtual __cdecl sf::Sprite::~Sprite(void)" (__imp_??1Sprite@sf@@UEAA@XZ) sin resolver
main.obj : error LNK2001: símbolo externo "__declspec(dllimport) public: virtual __cdecl sf::Sprite::~Sprite(void)" (__imp_??1Sprite@sf@@UEAA@XZ) sin resolver
Menu.obj : error LNK2001: símbolo externo "__declspec(dllimport) public: virtual __cdecl sf::Sprite::~Sprite(void)" (__imp_??1Sprite@sf@@UEAA@XZ) sin resolver
Pieza.obj : error LNK2001: símbolo externo "__declspec(dllimport) public: virtual __cdecl sf::Sprite::~Sprite(void)" (__imp_??1Sprite@sf@@UEAA@XZ) sin resolver
Usuario.obj : error LNK2001: símbolo externo "__declspec(dllimport) public: __cdecl sf::Text::Text(void)" (__imp_??0Text@sf@@QEAA@XZ) sin resolver
Boton.obj : error LNK2001: símbolo externo "__declspec(dllimport) public: __cdecl sf::Text::Text(void)" (__imp_??0Text@sf@@QEAA@XZ) sin resolver
main.obj : error LNK2001: símbolo externo "__declspec(dllimport) public: __cdecl sf::Text::Text(void)" (__imp_??0Text@sf@@QEAA@XZ) sin resolver
Menu.obj : error LNK2001: símbolo externo "__declspec(dllimport) public: __cdecl sf::Text::Text(void)" (__imp_??0Text@sf@@QEAA@XZ) sin resolver
Puzle.obj : error LNK2001: símbolo externo "__declspec(dllimport) public: __cdecl sf::Text::Text(void)" (__imp_??0Text@sf@@QEAA@XZ) sin resolver
Usuario.obj : error LNK2001: símbolo externo "__declspec(dllimport) public: void __cdecl sf::Text::setString(class sf::String const &)" (__imp_?setString@Text@sf@@QEAAXAEBVString@2@@Z) sin resolver
Boton.obj : error LNK2001: símbolo externo "__declspec(dllimport) public: void __cdecl sf::Text::setString(class sf::String const &)" (__imp_?setString@Text@sf@@QEAAXAEBVString@2@@Z) sin resolver
main.obj : error LNK2001: símbolo externo "__declspec(dllimport) public: void __cdecl sf::Text::setString(class sf::String const &)" (__imp_?setString@Text@sf@@QEAAXAEBVString@2@@Z) sin resolver
Menu.obj : error LNK2001: símbolo externo "__declspec(dllimport) public: void __cdecl sf::Text::setString(class sf::String const &)" (__imp_?setString@Text@sf@@QEAAXAEBVString@2@@Z) sin resolver
Puzle.obj : error LNK2001: símbolo externo "__declspec(dllimport) public: void __cdecl sf::Text::setString(class sf::String const &)" (__imp_?setString@Text@sf@@QEAAXAEBVString@2@@Z) sin resolver
Usuario.obj : error LNK2001: símbolo externo "__declspec(dllimport) public: void __cdecl sf::Text::setFont(class sf::Font const &)" (__imp_?setFont@Text@sf@@QEAAXAEBVFont@2@@Z) sin resolver
Boton.obj : error LNK2001: símbolo externo "__declspec(dllimport) public: void __cdecl sf::Text::setFont(class sf::Font const &)" (__imp_?setFont@Text@sf@@QEAAXAEBVFont@2@@Z) sin resolver
main.obj : error LNK2001: símbolo externo "__declspec(dllimport) public: void __cdecl sf::Text::setFont(class sf::Font const &)" (__imp_?setFont@Text@sf@@QEAAXAEBVFont@2@@Z) sin resolver
Menu.obj : error LNK2001: símbolo externo "__declspec(dllimport) public: void __cdecl sf::Text::setFont(class sf::Font const &)" (__imp_?setFont@Text@sf@@QEAAXAEBVFont@2@@Z) sin resolver
Puzle.obj : error LNK2001: símbolo externo "__declspec(dllimport) public: void __cdecl sf::Text::setFont(class sf::Font const &)" (__imp_?setFont@Text@sf@@QEAAXAEBVFont@2@@Z) sin resolver
Usuario.obj : error LNK2001: símbolo externo "__declspec(dllimport) public: void __cdecl sf::Text::setCharacterSize(unsigned int)" (__imp_?setCharacterSize@Text@sf@@QEAAXI@Z) sin resolver
Boton.obj : error LNK2001: símbolo externo "__declspec(dllimport) public: void __cdecl sf::Text::setCharacterSize(unsigned int)" (__imp_?setCharacterSize@Text@sf@@QEAAXI@Z) sin resolver
main.obj : error LNK2001: símbolo externo "__declspec(dllimport) public: void __cdecl sf::Text::setCharacterSize(unsigned int)" (__imp_?setCharacterSize@Text@sf@@QEAAXI@Z) sin resolver
Menu.obj : error LNK2001: símbolo externo "__declspec(dllimport) public: void __cdecl sf::Text::setCharacterSize(unsigned int)" (__imp_?setCharacterSize@Text@sf@@QEAAXI@Z) sin resolver
Puzle.obj : error LNK2001: símbolo externo "__declspec(dllimport) public: void __cdecl sf::Text::setCharacterSize(unsigned int)" (__imp_?setCharacterSize@Text@sf@@QEAAXI@Z) sin resolver
Usuario.obj : error LNK2001: símbolo externo "__declspec(dllimport) public: void __cdecl sf::Text::setFillColor(class sf::Color const &)" (__imp_?setFillColor@Text@sf@@QEAAXAEBVColor@2@@Z) sin resolver
Boton.obj : error LNK2001: símbolo externo "__declspec(dllimport) public: void __cdecl sf::Text::setFillColor(class sf::Color const &)" (__imp_?setFillColor@Text@sf@@QEAAXAEBVColor@2@@Z) sin resolver
main.obj : error LNK2001: símbolo externo "__declspec(dllimport) public: void __cdecl sf::Text::setFillColor(class sf::Color const &)" (__imp_?setFillColor@Text@sf@@QEAAXAEBVColor@2@@Z) sin resolver
Menu.obj : error LNK2001: símbolo externo "__declspec(dllimport) public: void __cdecl sf::Text::setFillColor(class sf::Color const &)" (__imp_?setFillColor@Text@sf@@QEAAXAEBVColor@2@@Z) sin resolver
Puzle.obj : error LNK2001: símbolo externo "__declspec(dllimport) public: void __cdecl sf::Text::setFillColor(class sf::Color const &)" (__imp_?setFillColor@Text@sf@@QEAAXAEBVColor@2@@Z) sin resolver
Usuario.obj : error LNK2001: símbolo externo "__declspec(dllimport) public: class sf::Rect<float> __cdecl sf::Text::getGlobalBounds(void)const " (__imp_?getGlobalBounds@Text@sf@@QEBA?AV?$Rect@M@2@XZ) sin resolver
Boton.obj : error LNK2001: símbolo externo "__declspec(dllimport) public: class sf::Rect<float> __cdecl sf::Text::getGlobalBounds(void)const " (__imp_?getGlobalBounds@Text@sf@@QEBA?AV?$Rect@M@2@XZ) sin resolver
main.obj : error LNK2001: símbolo externo "__declspec(dllimport) public: class sf::Rect<float> __cdecl sf::Text::getGlobalBounds(void)const " (__imp_?getGlobalBounds@Text@sf@@QEBA?AV?$Rect@M@2@XZ) sin resolver
Menu.obj : error LNK2001: símbolo externo "__declspec(dllimport) public: class sf::Rect<float> __cdecl sf::Text::getGlobalBounds(void)const " (__imp_?getGlobalBounds@Text@sf@@QEBA?AV?$Rect@M@2@XZ) sin resolver
Puzle.obj : error LNK2001: símbolo externo "__declspec(dllimport) public: class sf::Rect<float> __cdecl sf::Text::getGlobalBounds(void)const " (__imp_?getGlobalBounds@Text@sf@@QEBA?AV?$Rect@M@2@XZ) sin resolver
Usuario.obj : error LNK2001: símbolo externo "__declspec(dllimport) public: virtual __cdecl sf::Text::~Text(void)" (__imp_??1Text@sf@@UEAA@XZ) sin resolver
Boton.obj : error LNK2001: símbolo externo "__declspec(dllimport) public: virtual __cdecl sf::Text::~Text(void)" (__imp_??1Text@sf@@UEAA@XZ) sin resolver
main.obj : error LNK2001: símbolo externo "__declspec(dllimport) public: virtual __cdecl sf::Text::~Text(void)" (__imp_??1Text@sf@@UEAA@XZ) sin resolver
Menu.obj : error LNK2001: símbolo externo "__declspec(dllimport) public: virtual __cdecl sf::Text::~Text(void)" (__imp_??1Text@sf@@UEAA@XZ) sin resolver
Puzle.obj : error LNK2001: símbolo externo "__declspec(dllimport) public: virtual __cdecl sf::Text::~Text(void)" (__imp_??1Text@sf@@UEAA@XZ) sin resolver
Usuario.obj : error LNK2001: símbolo externo "__declspec(dllimport) public: static class sf::Color const sf::Color::White" (__imp_?White@Color@sf@@2V12@B) sin resolver
Boton.obj : error LNK2001: símbolo externo "__declspec(dllimport) public: static class sf::Color const sf::Color::White" (__imp_?White@Color@sf@@2V12@B) sin resolver
main.obj : error LNK2001: símbolo externo "__declspec(dllimport) public: static class sf::Color const sf::Color::White" (__imp_?White@Color@sf@@2V12@B) sin resolver
Menu.obj : error LNK2001: símbolo externo "__declspec(dllimport) public: static class sf::Color const sf::Color::White" (__imp_?White@Color@sf@@2V12@B) sin resolver
Puzle.obj : error LNK2001: símbolo externo "__declspec(dllimport) public: static class sf::Color const sf::Color::White" (__imp_?White@Color@sf@@2V12@B) sin resolver
main.obj : error LNK2019: símbolo externo "__declspec(dllimport) public: __cdecl sf::String::String(char const *,class std::locale const &)" (__imp_??0String@sf@@QEAA@PEBDAEBVlocale@std@@@Z) sin resolver al que se hace referencia en la función main
Menu.obj : error LNK2001: símbolo externo "__declspec(dllimport) public: __cdecl sf::String::String(char const *,class std::locale const &)" (__imp_??0String@sf@@QEAA@PEBDAEBVlocale@std@@@Z) sin resolver
main.obj : error LNK2019: símbolo externo "__declspec(dllimport) public: __cdecl sf::VideoMode::VideoMode(unsigned int,unsigned int,unsigned int)" (__imp_??0VideoMode@sf@@QEAA@III@Z) sin resolver al que se hace referencia en la función main
Menu.obj : error LNK2001: símbolo externo "__declspec(dllimport) public: __cdecl sf::VideoMode::VideoMode(unsigned int,unsigned int,unsigned int)" (__imp_??0VideoMode@sf@@QEAA@III@Z) sin resolver
main.obj : error LNK2019: símbolo externo "__declspec(dllimport) public: bool __cdecl sf::WindowBase::isOpen(void)const " (__imp_?isOpen@WindowBase@sf@@QEBA_NXZ) sin resolver al que se hace referencia en la función main
Menu.obj : error LNK2001: símbolo externo "__declspec(dllimport) public: bool __cdecl sf::WindowBase::isOpen(void)const " (__imp_?isOpen@WindowBase@sf@@QEBA_NXZ) sin resolver
main.obj : error LNK2019: símbolo externo "__declspec(dllimport) public: bool __cdecl sf::WindowBase::pollEvent(class sf::Event &)" (__imp_?pollEvent@WindowBase@sf@@QEAA_NAEAVEvent@2@@Z) sin resolver al que se hace referencia en la función main
Menu.obj : error LNK2001: símbolo externo "__declspec(dllimport) public: bool __cdecl sf::WindowBase::pollEvent(class sf::Event &)" (__imp_?pollEvent@WindowBase@sf@@QEAA_NAEAVEvent@2@@Z) sin resolver
main.obj : error LNK2019: símbolo externo "__declspec(dllimport) public: virtual void __cdecl sf::Window::close(void)" (__imp_?close@Window@sf@@UEAAXXZ) sin resolver al que se hace referencia en la función main
Menu.obj : error LNK2001: símbolo externo "__declspec(dllimport) public: virtual void __cdecl sf::Window::close(void)" (__imp_?close@Window@sf@@UEAAXXZ) sin resolver
main.obj : error LNK2019: símbolo externo "__declspec(dllimport) public: void __cdecl sf::Window::setFramerateLimit(unsigned int)" (__imp_?setFramerateLimit@Window@sf@@QEAAXI@Z) sin resolver al que se hace referencia en la función main
Menu.obj : error LNK2001: símbolo externo "__declspec(dllimport) public: void __cdecl sf::Window::setFramerateLimit(unsigned int)" (__imp_?setFramerateLimit@Window@sf@@QEAAXI@Z) sin resolver
main.obj : error LNK2019: símbolo externo "__declspec(dllimport) public: void __cdecl sf::Window::display(void)" (__imp_?display@Window@sf@@QEAAXXZ) sin resolver al que se hace referencia en la función main
Menu.obj : error LNK2001: símbolo externo "__declspec(dllimport) public: void __cdecl sf::Window::display(void)" (__imp_?display@Window@sf@@QEAAXXZ) sin resolver
main.obj : error LNK2019: símbolo externo "__declspec(dllimport) public: __cdecl sf::Color::Color(unsigned char,unsigned char,unsigned char,unsigned char)" (__imp_??0Color@sf@@QEAA@EEEE@Z) sin resolver al que se hace referencia en la función main
Menu.obj : error LNK2001: símbolo externo "__declspec(dllimport) public: __cdecl sf::Color::Color(unsigned char,unsigned char,unsigned char,unsigned char)" (__imp_??0Color@sf@@QEAA@EEEE@Z) sin resolver
Puzle.obj : error LNK2001: símbolo externo "__declspec(dllimport) public: __cdecl sf::Color::Color(unsigned char,unsigned char,unsigned char,unsigned char)" (__imp_??0Color@sf@@QEAA@EEEE@Z) sin resolver
main.obj : error LNK2019: símbolo externo "__declspec(dllimport) public: void __cdecl sf::RenderTarget::clear(class sf::Color const &)" (__imp_?clear@RenderTarget@sf@@QEAAXAEBVColor@2@@Z) sin resolver al que se hace referencia en la función main
Menu.obj : error LNK2001: símbolo externo "__declspec(dllimport) public: void __cdecl sf::RenderTarget::clear(class sf::Color const &)" (__imp_?clear@RenderTarget@sf@@QEAAXAEBVColor@2@@Z) sin resolver
main.obj : error LNK2019: símbolo externo "__declspec(dllimport) public: __cdecl sf::RenderWindow::RenderWindow(class sf::VideoMode,class sf::String const &,unsigned int,struct sf::ContextSettings const &)" (__imp_??0RenderWindow@sf@@QEAA@VVideoMode@1@AEBVString@1@IAEBUContextSettings@1@@Z) sin resolver al que se hace referencia en la función main
Menu.obj : error LNK2001: símbolo externo "__declspec(dllimport) public: __cdecl sf::RenderWindow::RenderWindow(class sf::VideoMode,class sf::String const &,unsigned int,struct sf::ContextSettings const &)" (__imp_??0RenderWindow@sf@@QEAA@VVideoMode@1@AEBVString@1@IAEBUContextSettings@1@@Z) sin resolver
main.obj : error LNK2019: símbolo externo "__declspec(dllimport) public: virtual __cdecl sf::RenderWindow::~RenderWindow(void)" (__imp_??1RenderWindow@sf@@UEAA@XZ) sin resolver al que se hace referencia en la función main
Menu.obj : error LNK2001: símbolo externo "__declspec(dllimport) public: virtual __cdecl sf::RenderWindow::~RenderWindow(void)" (__imp_??1RenderWindow@sf@@UEAA@XZ) sin resolver
main.obj : error LNK2019: símbolo externo "__declspec(dllimport) public: static class sf::RenderStates const sf::RenderStates::Default" (__imp_?Default@RenderStates@sf@@2V12@B) sin resolver al que se hace referencia en la función "public: static void __cdecl Boton::textoVentana(class sf::RenderWindow &,class std::basic_string<char,struct std::char_traits<char>,class std::allocator<char> > const &,class std::basic_string<char,struct std::char_traits<char>,class std::allocator<char> > const &,class sf::Vector2<float> const &,int,class sf::Color const &)" (?textoVentana@Boton@@SAXAEAVRenderWindow@sf@@AEBV?$basic_string@DU?$char_traits@D@std@@V?$allocator@D@2@@std@@1AEBV?$Vector2@M@3@HAEBVColor@3@@Z)
Menu.obj : error LNK2001: símbolo externo "__declspec(dllimport) public: static class sf::RenderStates const sf::RenderStates::Default" (__imp_?Default@RenderStates@sf@@2V12@B) sin resolver
Puzle.obj : error LNK2001: símbolo externo "__declspec(dllimport) public: static class sf::RenderStates const sf::RenderStates::Default" (__imp_?Default@RenderStates@sf@@2V12@B) sin resolver
Usuario.obj : error LNK2001: símbolo externo "__declspec(dllimport) public: static class sf::RenderStates const sf::RenderStates::Default" (__imp_?Default@RenderStates@sf@@2V12@B) sin resolver
Menu.obj : error LNK2019: símbolo externo "__declspec(dllimport) public: __cdecl sf::Time::Time(void)" (__imp_??0Time@sf@@QEAA@XZ) sin resolver al que se hace referencia en la función "public: void __cdecl Menu::game(class sf::RenderWindow &,class std::vector<class Usuario,class std::allocator<class Usuario> > &)" (?game@Menu@@QEAAXAEAVRenderWindow@sf@@AEAV?$vector@VUsuario@@V?$allocator@VUsuario@@@std@@@std@@@Z)
Puzle.obj : error LNK2001: símbolo externo "__declspec(dllimport) public: __cdecl sf::Time::Time(void)" (__imp_??0Time@sf@@QEAA@XZ) sin resolver
Menu.obj : error LNK2019: símbolo externo "__declspec(dllimport) public: float __cdecl sf::Time::asSeconds(void)const " (__imp_?asSeconds@Time@sf@@QEBAMXZ) sin resolver al que se hace referencia en la función "public: void __cdecl Menu::game(class sf::RenderWindow &,class std::vector<class Usuario,class std::allocator<class Usuario> > &)" (?game@Menu@@QEAAXAEAVRenderWindow@sf@@AEAV?$vector@VUsuario@@V?$allocator@VUsuario@@@std@@@std@@@Z)
Pieza.obj : error LNK2001: símbolo externo "__declspec(dllimport) public: float __cdecl sf::Time::asSeconds(void)const " (__imp_?asSeconds@Time@sf@@QEBAMXZ) sin resolver
Menu.obj : error LNK2019: símbolo externo "__declspec(dllimport) class sf::Time __cdecl sf::seconds(float)" (__imp_?seconds@sf@@YA?AVTime@1@M@Z) sin resolver al que se hace referencia en la función "public: void __cdecl Menu::game(class sf::RenderWindow &,class std::vector<class Usuario,class std::allocator<class Usuario> > &)" (?game@Menu@@QEAAXAEAVRenderWindow@sf@@AEAV?$vector@VUsuario@@V?$allocator@VUsuario@@@std@@@std@@@Z)
Menu.obj : error LNK2019: símbolo externo "__declspec(dllimport) class sf::Time & __cdecl sf::operator+=(class sf::Time &,class sf::Time)" (__imp_??Ysf@@YAAEAVTime@0@AEAV10@V10@@Z) sin resolver al que se hace referencia en la función "public: void __cdecl Menu::game(class sf::RenderWindow &,class std::vector<class Usuario,class std::allocator<class Usuario> > &)" (?game@Menu@@QEAAXAEAVRenderWindow@sf@@AEAV?$vector@VUsuario@@V?$allocator@VUsuario@@@std@@@std@@@Z)
Menu.obj : error LNK2019: símbolo externo "__declspec(dllimport) public: __cdecl sf::Clock::Clock(void)" (__imp_??0Clock@sf@@QEAA@XZ) sin resolver al que se hace referencia en la función "public: void __cdecl Menu::game(class sf::RenderWindow &,class std::vector<class Usuario,class std::allocator<class Usuario> > &)" (?game@Menu@@QEAAXAEAVRenderWindow@sf@@AEAV?$vector@VUsuario@@V?$allocator@VUsuario@@@std@@@std@@@Z)
Menu.obj : error LNK2019: símbolo externo "__declspec(dllimport) public: class sf::Time __cdecl sf::Clock::getElapsedTime(void)const " (__imp_?getElapsedTime@Clock@sf@@QEBA?AVTime@2@XZ) sin resolver al que se hace referencia en la función "public: void __cdecl Menu::game(class sf::RenderWindow &,class std::vector<class Usuario,class std::allocator<class Usuario> > &)" (?game@Menu@@QEAAXAEAVRenderWindow@sf@@AEAV?$vector@VUsuario@@V?$allocator@VUsuario@@@std@@@std@@@Z)
Menu.obj : error LNK2019: símbolo externo "__declspec(dllimport) public: class sf::Time __cdecl sf::Clock::restart(void)" (__imp_?restart@Clock@sf@@QEAA?AVTime@2@XZ) sin resolver al que se hace referencia en la función "public: void __cdecl Menu::game(class sf::RenderWindow &,class std::vector<class Usuario,class std::allocator<class Usuario> > &)" (?game@Menu@@QEAAXAEAVRenderWindow@sf@@AEAV?$vector@VUsuario@@V?$allocator@VUsuario@@@std@@@std@@@Z)
Menu.obj : error LNK2019: símbolo externo "__declspec(dllimport) void __cdecl sf::sleep(class sf::Time)" (__imp_?sleep@sf@@YAXVTime@1@@Z) sin resolver al que se hace referencia en la función "public: void __cdecl Menu::game(class sf::RenderWindow &,class std::vector<class Usuario,class std::allocator<class Usuario> > &)" (?game@Menu@@QEAAXAEAVRenderWindow@sf@@AEAV?$vector@VUsuario@@V?$allocator@VUsuario@@@std@@@std@@@Z)
Menu.obj : error LNK2019: símbolo externo "__declspec(dllimport) public: class sf::Vector2<int> __cdecl sf::WindowBase::getPosition(void)const " (__imp_?getPosition@WindowBase@sf@@QEBA?AV?$Vector2@H@2@XZ) sin resolver al que se hace referencia en la función "public: void __cdecl Menu::entrar(class sf::RenderWindow &,class sf::RenderWindow &)" (?entrar@Menu@@QEAAXAEAVRenderWindow@sf@@0@Z)
Puzle.obj : error LNK2001: símbolo externo "__declspec(dllimport) public: class sf::Vector2<int> __cdecl sf::WindowBase::getPosition(void)const " (__imp_?getPosition@WindowBase@sf@@QEBA?AV?$Vector2@H@2@XZ) sin resolver
Usuario.obj : error LNK2001: símbolo externo "__declspec(dllimport) public: class sf::Vector2<int> __cdecl sf::WindowBase::getPosition(void)const " (__imp_?getPosition@WindowBase@sf@@QEBA?AV?$Vector2@H@2@XZ) sin resolver
Menu.obj : error LNK2019: símbolo externo "__declspec(dllimport) public: void __cdecl sf::WindowBase::setPosition(class sf::Vector2<int> const &)" (__imp_?setPosition@WindowBase@sf@@QEAAXAEBV?$Vector2@H@2@@Z) sin resolver al que se hace referencia en la función "public: void __cdecl Menu::entrar(class sf::RenderWindow &,class sf::RenderWindow &)" (?entrar@Menu@@QEAAXAEAVRenderWindow@sf@@0@Z)
Puzle.obj : error LNK2001: símbolo externo "__declspec(dllimport) public: void __cdecl sf::WindowBase::setPosition(class sf::Vector2<int> const &)" (__imp_?setPosition@WindowBase@sf@@QEAAXAEBV?$Vector2@H@2@@Z) sin resolver
Usuario.obj : error LNK2001: símbolo externo "__declspec(dllimport) public: void __cdecl sf::WindowBase::setPosition(class sf::Vector2<int> const &)" (__imp_?setPosition@WindowBase@sf@@QEAAXAEBV?$Vector2@H@2@@Z) sin resolver
Menu.obj : error LNK2019: símbolo externo "__declspec(dllimport) public: void __cdecl sf::WindowBase::setVisible(bool)" (__imp_?setVisible@WindowBase@sf@@QEAAX_N@Z) sin resolver al que se hace referencia en la función "public: void __cdecl Menu::entrar(class sf::RenderWindow &,class sf::RenderWindow &)" (?entrar@Menu@@QEAAXAEAVRenderWindow@sf@@0@Z)
Puzle.obj : error LNK2001: símbolo externo "__declspec(dllimport) public: void __cdecl sf::WindowBase::setVisible(bool)" (__imp_?setVisible@WindowBase@sf@@QEAAX_N@Z) sin resolver
Usuario.obj : error LNK2001: símbolo externo "__declspec(dllimport) public: void __cdecl sf::WindowBase::setVisible(bool)" (__imp_?setVisible@WindowBase@sf@@QEAAX_N@Z) sin resolver
Menu.obj : error LNK2019: símbolo externo "__declspec(dllimport) public: __cdecl sf::Drawable::Drawable(class sf::Drawable const &)" (__imp_??0Drawable@sf@@QEAA@AEBV01@@Z) sin resolver al que se hace referencia en la función "public: __cdecl Boton::Boton(class Boton &&)" (??0Boton@@QEAA@$$QEAV0@@Z)
Puzle.obj : error LNK2001: símbolo externo "__declspec(dllimport) public: __cdecl sf::Drawable::Drawable(class sf::Drawable const &)" (__imp_??0Drawable@sf@@QEAA@AEBV01@@Z) sin resolver
Usuario.obj : error LNK2001: símbolo externo "__declspec(dllimport) public: __cdecl sf::Drawable::Drawable(class sf::Drawable const &)" (__imp_??0Drawable@sf@@QEAA@AEBV01@@Z) sin resolver
Menu.obj : error LNK2019: símbolo externo "__declspec(dllimport) public: class sf::Drawable & __cdecl sf::Drawable::operator=(class sf::Drawable const &)" (__imp_??4Drawable@sf@@QEAAAEAV01@AEBV01@@Z) sin resolver al que se hace referencia en la función "public: class Boton & __cdecl Boton::operator=(class Boton const &)" (??4Boton@@QEAAAEAV0@AEBV0@@Z)
Menu.obj : error LNK2019: símbolo externo "__declspec(dllimport) public: class sf::Texture & __cdecl sf::Texture::operator=(class sf::Texture const &)" (__imp_??4Texture@sf@@QEAAAEAV01@AEBV01@@Z) sin resolver al que se hace referencia en la función "private: void __cdecl std::vector<class sf::Texture,class std::allocator<class sf::Texture> >::_Assign_counted_range<class sf::Texture *>(class sf::Texture *,unsigned __int64)" (??$_Assign_counted_range@PEAVTexture@sf@@@?$vector@VTexture@sf@@V?$allocator@VTexture@sf@@@std@@@std@@AEAAXPEAVTexture@sf@@_K@Z)
Usuario.obj : error LNK2001: símbolo externo "__declspec(dllimport) public: class sf::Texture & __cdecl sf::Texture::operator=(class sf::Texture const &)" (__imp_??4Texture@sf@@QEAAAEAV01@AEBV01@@Z) sin resolver
Menu.obj : error LNK2019: símbolo externo "__declspec(dllimport) public: __cdecl sf::Font::Font(class sf::Font const &)" (__imp_??0Font@sf@@QEAA@AEBV01@@Z) sin resolver al que se hace referencia en la función "public: __cdecl Boton::Boton(class Boton &&)" (??0Boton@@QEAA@$$QEAV0@@Z)
Puzle.obj : error LNK2001: símbolo externo "__declspec(dllimport) public: __cdecl sf::Font::Font(class sf::Font const &)" (__imp_??0Font@sf@@QEAA@AEBV01@@Z) sin resolver
Usuario.obj : error LNK2001: símbolo externo "__declspec(dllimport) public: __cdecl sf::Font::Font(class sf::Font const &)" (__imp_??0Font@sf@@QEAA@AEBV01@@Z) sin resolver
Menu.obj : error LNK2019: símbolo externo "__declspec(dllimport) public: class sf::Font & __cdecl sf::Font::operator=(class sf::Font const &)" (__imp_??4Font@sf@@QEAAAEAV01@AEBV01@@Z) sin resolver al que se hace referencia en la función "public: class Boton & __cdecl Boton::operator=(class Boton const &)" (??4Boton@@QEAAAEAV0@AEBV0@@Z)
Usuario.obj : error LNK2001: símbolo externo "__declspec(dllimport) public: class sf::Font & __cdecl sf::Font::operator=(class sf::Font const &)" (__imp_??4Font@sf@@QEAAAEAV01@AEBV01@@Z) sin resolver
Menu.obj : error LNK2019: símbolo externo "__declspec(dllimport) public: __cdecl sf::Sprite::Sprite(class sf::Sprite const &)" (__imp_??0Sprite@sf@@QEAA@AEBV01@@Z) sin resolver al que se hace referencia en la función "public: __cdecl Boton::Boton(class Boton const &)" (??0Boton@@QEAA@AEBV0@@Z)
Puzle.obj : error LNK2001: símbolo externo "__declspec(dllimport) public: __cdecl sf::Sprite::Sprite(class sf::Sprite const &)" (__imp_??0Sprite@sf@@QEAA@AEBV01@@Z) sin resolver
Usuario.obj : error LNK2001: símbolo externo "__declspec(dllimport) public: __cdecl sf::Sprite::Sprite(class sf::Sprite const &)" (__imp_??0Sprite@sf@@QEAA@AEBV01@@Z) sin resolver
Menu.obj : error LNK2019: símbolo externo "__declspec(dllimport) public: __cdecl sf::Sprite::Sprite(class sf::Sprite &&)" (__imp_??0Sprite@sf@@QEAA@$$QEAV01@@Z) sin resolver al que se hace referencia en la función "public: __cdecl Boton::Boton(class Boton &&)" (??0Boton@@QEAA@$$QEAV0@@Z)
Puzle.obj : error LNK2001: símbolo externo "__declspec(dllimport) public: __cdecl sf::Sprite::Sprite(class sf::Sprite &&)" (__imp_??0Sprite@sf@@QEAA@$$QEAV01@@Z) sin resolver
Usuario.obj : error LNK2001: símbolo externo "__declspec(dllimport) public: __cdecl sf::Sprite::Sprite(class sf::Sprite &&)" (__imp_??0Sprite@sf@@QEAA@$$QEAV01@@Z) sin resolver
Menu.obj : error LNK2019: símbolo externo "__declspec(dllimport) public: class sf::Sprite & __cdecl sf::Sprite::operator=(class sf::Sprite const &)" (__imp_??4Sprite@sf@@QEAAAEAV01@AEBV01@@Z) sin resolver al que se hace referencia en la función "public: class Boton & __cdecl Boton::operator=(class Boton const &)" (??4Boton@@QEAAAEAV0@AEBV0@@Z)
Menu.obj : error LNK2019: símbolo externo "__declspec(dllimport) public: __cdecl sf::Text::Text(class sf::Text const &)" (__imp_??0Text@sf@@QEAA@AEBV01@@Z) sin resolver al que se hace referencia en la función "public: __cdecl Boton::Boton(class Boton const &)" (??0Boton@@QEAA@AEBV0@@Z)
Puzle.obj : error LNK2001: símbolo externo "__declspec(dllimport) public: __cdecl sf::Text::Text(class sf::Text const &)" (__imp_??0Text@sf@@QEAA@AEBV01@@Z) sin resolver
Usuario.obj : error LNK2001: símbolo externo "__declspec(dllimport) public: __cdecl sf::Text::Text(class sf::Text const &)" (__imp_??0Text@sf@@QEAA@AEBV01@@Z) sin resolver
Menu.obj : error LNK2019: símbolo externo "__declspec(dllimport) public: __cdecl sf::Text::Text(class sf::Text &&)" (__imp_??0Text@sf@@QEAA@$$QEAV01@@Z) sin resolver al que se hace referencia en la función "public: __cdecl Boton::Boton(class Boton &&)" (??0Boton@@QEAA@$$QEAV0@@Z)
Puzle.obj : error LNK2001: símbolo externo "__declspec(dllimport) public: __cdecl sf::Text::Text(class sf::Text &&)" (__imp_??0Text@sf@@QEAA@$$QEAV01@@Z) sin resolver
Usuario.obj : error LNK2001: símbolo externo "__declspec(dllimport) public: __cdecl sf::Text::Text(class sf::Text &&)" (__imp_??0Text@sf@@QEAA@$$QEAV01@@Z) sin resolver
Menu.obj : error LNK2019: símbolo externo "__declspec(dllimport) public: class sf::Text & __cdecl sf::Text::operator=(class sf::Text const &)" (__imp_??4Text@sf@@QEAAAEAV01@AEBV01@@Z) sin resolver al que se hace referencia en la función "public: class Boton & __cdecl Boton::operator=(class Boton const &)" (??4Boton@@QEAAAEAV0@AEBV0@@Z)
Menu.obj : error LNK2019: símbolo externo "__declspec(dllimport) public: virtual __cdecl sf::Music::~Music(void)" (__imp_??1Music@sf@@UEAA@XZ) sin resolver al que se hace referencia en la función "public: virtual __cdecl Puzle::~Puzle(void)" (??1Puzle@@UEAA@XZ)
Puzle.obj : error LNK2001: símbolo externo "__declspec(dllimport) public: virtual __cdecl sf::Music::~Music(void)" (__imp_??1Music@sf@@UEAA@XZ) sin resolver
Pieza.obj : error LNK2019: símbolo externo "__declspec(dllimport) public: class sf::Vector2<float> const & __cdecl sf::Transformable::getPosition(void)const " (__imp_?getPosition@Transformable@sf@@QEBAAEBV?$Vector2@M@2@XZ) sin resolver al que se hace referencia en la función "public: void __cdecl Pieza::colicion(int,int,int,int)" (?colicion@Pieza@@QEAAXHHHH@Z)
Puzle.obj : error LNK2001: símbolo externo "__declspec(dllimport) public: class sf::Vector2<float> const & __cdecl sf::Transformable::getPosition(void)const " (__imp_?getPosition@Transformable@sf@@QEBAAEBV?$Vector2@M@2@XZ) sin resolver
Pieza.obj : error LNK2019: símbolo externo "__declspec(dllimport) public: void __cdecl sf::Transformable::move(class sf::Vector2<float> const &)" (__imp_?move@Transformable@sf@@QEAAXAEBV?$Vector2@M@2@@Z) sin resolver al que se hace referencia en la función "public: void __cdecl Pieza::animate(bool &,class sf::Time,class sf::Time)" (?animate@Pieza@@QEAAXAEA_NVTime@sf@@1@Z)
Puzle.obj : error LNK2019: símbolo externo "__declspec(dllimport) public: static class sf::Vector2<int> __cdecl sf::Mouse::getPosition(class sf::WindowBase const &)" (__imp_?getPosition@Mouse@sf@@SA?AV?$Vector2@H@2@AEBVWindowBase@2@@Z) sin resolver al que se hace referencia en la función "public: void __cdecl Puzle::update(class sf::Event,class sf::RenderWindow &)" (?update@Puzle@@QEAAXVEvent@sf@@AEAVRenderWindow@3@@Z)
Puzle.obj : error LNK2019: símbolo externo "__declspec(dllimport) public: void __cdecl sf::Transformable::setScale(float,float)" (__imp_?setScale@Transformable@sf@@QEAAXMM@Z) sin resolver al que se hace referencia en la función "public: void __cdecl Puzle::cmd(class sf::Time)" (?cmd@Puzle@@QEAAXVTime@sf@@@Z)
Puzle.obj : error LNK2019: símbolo externo "__declspec(dllimport) public: void __cdecl sf::Shape::setTexture(class sf::Texture const *,bool)" (__imp_?setTexture@Shape@sf@@QEAAXPEBVTexture@2@_N@Z) sin resolver al que se hace referencia en la función "public: void __cdecl Puzle::plano(void)" (?plano@Puzle@@QEAAXXZ)
Puzle.obj : error LNK2019: símbolo externo "__declspec(dllimport) public: void __cdecl sf::Shape::setFillColor(class sf::Color const &)" (__imp_?setFillColor@Shape@sf@@QEAAXAEBVColor@2@@Z) sin resolver al que se hace referencia en la función "public: void __cdecl Puzle::plano(void)" (?plano@Puzle@@QEAAXXZ)
Puzle.obj : error LNK2019: símbolo externo "__declspec(dllimport) public: class sf::Rect<float> __cdecl sf::Shape::getGlobalBounds(void)const " (__imp_?getGlobalBounds@Shape@sf@@QEBA?AV?$Rect@M@2@XZ) sin resolver al que se hace referencia en la función "public: void __cdecl Puzle::plano(void)" (?plano@Puzle@@QEAAXXZ)
Puzle.obj : error LNK2019: símbolo externo "__declspec(dllimport) public: __cdecl sf::CircleShape::CircleShape(float,unsigned __int64)" (__imp_??0CircleShape@sf@@QEAA@M_K@Z) sin resolver al que se hace referencia en la función "public: void __cdecl Puzle::plano(void)" (?plano@Puzle@@QEAAXXZ)
Puzle.obj : error LNK2019: símbolo externo "__declspec(dllimport) public: float __cdecl sf::CircleShape::getRadius(void)const " (__imp_?getRadius@CircleShape@sf@@QEBAMXZ) sin resolver al que se hace referencia en la función "public: void __cdecl Puzle::plano(void)" (?plano@Puzle@@QEAAXXZ)
Puzle.obj : error LNK2019: símbolo externo "__declspec(dllimport) public: virtual __cdecl sf::CircleShape::~CircleShape(void)" (__imp_??1CircleShape@sf@@UEAA@XZ) sin resolver al que se hace referencia en la función "public: virtual void * __cdecl sf::CircleShape::`scalar deleting destructor'(unsigned int)" (??_GCircleShape@sf@@UEAAPEAXI@Z)
Puzle.obj : error LNK2019: símbolo externo "__declspec(dllimport) public: __cdecl sf::CircleShape::CircleShape(class sf::CircleShape const &)" (__imp_??0CircleShape@sf@@QEAA@AEBV01@@Z) sin resolver al que se hace referencia en la función "public: static void __cdecl std::_Default_allocator_traits<class std::allocator<class sf::CircleShape> >::construct<class sf::CircleShape,class sf::CircleShape &>(class std::allocator<class sf::CircleShape> &,class sf::CircleShape * const,class sf::CircleShape &)" (??$construct@VCircleShape@sf@@AEAV12@@?$_Default_allocator_traits@V?$allocator@VCircleShape@sf@@@std@@@std@@SAXAEAV?$allocator@VCircleShape@sf@@@1@QEAVCircleShape@sf@@AEAV34@@Z)
Puzle.obj : error LNK2019: símbolo externo "__declspec(dllimport) public: __cdecl sf::CircleShape::CircleShape(class sf::CircleShape &&)" (__imp_??0CircleShape@sf@@QEAA@$$QEAV01@@Z) sin resolver al que se hace referencia en la función "public: static void __cdecl std::_Default_allocator_traits<class std::allocator<class sf::CircleShape> >::construct<class sf::CircleShape,class sf::CircleShape>(class std::allocator<class sf::CircleShape> &,class sf::CircleShape * const,class sf::CircleShape &&)" (??$construct@VCircleShape@sf@@V12@@?$_Default_allocator_traits@V?$allocator@VCircleShape@sf@@@std@@@std@@SAXAEAV?$allocator@VCircleShape@sf@@@1@QEAVCircleShape@sf@@$$QEAV34@@Z)
Puzle.obj : error LNK2019: símbolo externo "__declspec(dllimport) public: void __cdecl sf::Sprite::setTextureRect(class sf::Rect<int> const &)" (__imp_?setTextureRect@Sprite@sf@@QEAAXAEBV?$Rect@H@2@@Z) sin resolver al que se hace referencia en la función "public: void __cdecl Puzle::divImag(void)" (?divImag@Puzle@@QEAAXXZ)
Puzle.obj : error LNK2019: símbolo externo "__declspec(dllimport) public: __cdecl sf::Music::Music(void)" (__imp_??0Music@sf@@QEAA@XZ) sin resolver al que se hace referencia en la función "public: __cdecl Puzle::Puzle(int)" (??0Puzle@@QEAA@H@Z)
Puzle.obj : error LNK2019: símbolo externo "__declspec(dllimport) public: bool __cdecl sf::Music::openFromFile(class std::basic_string<char,struct std::char_traits<char>,class std::allocator<char> > const &)" (__imp_?openFromFile@Music@sf@@QEAA_NAEBV?$basic_string@DU?$char_traits@D@std@@V?$allocator@D@2@@std@@@Z) sin resolver al que se hace referencia en la función "public: __cdecl Puzle::Puzle(int)" (??0Puzle@@QEAA@H@Z)
Puzle.obj : error LNK2001: símbolo externo "private: virtual void __cdecl sf::Shape::draw(class sf::RenderTarget &,class sf::RenderStates)const " (?draw@Shape@sf@@EEBAXAEAVRenderTarget@2@VRenderStates@2@@Z) sin resolver
Puzle.obj : error LNK2001: símbolo externo "public: virtual unsigned __int64 __cdecl sf::CircleShape::getPointCount(void)const " (?getPointCount@CircleShape@sf@@UEBA_KXZ) sin resolver
Puzle.obj : error LNK2001: símbolo externo "public: virtual class sf::Vector2<float> __cdecl sf::CircleShape::getPoint(unsigned __int64)const " (?getPoint@CircleShape@sf@@UEBA?AV?$Vector2@M@2@_K@Z) sin resolver
Usuario.obj : error LNK2019: símbolo externo "__declspec(dllimport) public: class sf::Sprite & __cdecl sf::Sprite::operator=(class sf::Sprite &&)" (__imp_??4Sprite@sf@@QEAAAEAV01@$$QEAV01@@Z) sin resolver al que se hace referencia en la función "public: class Usuario & __cdecl Usuario::operator=(class Usuario &&)" (??4Usuario@@QEAAAEAV0@$$QEAV0@@Z)
Usuario.obj : error LNK2019: símbolo externo "__declspec(dllimport) public: class sf::Text & __cdecl sf::Text::operator=(class sf::Text &&)" (__imp_??4Text@sf@@QEAAAEAV01@$$QEAV01@@Z) sin resolver al que se hace referencia en la función "public: class Usuario & __cdecl Usuario::operator=(class Usuario &&)" (??4Usuario@@QEAAAEAV0@$$QEAV0@@Z)
C:\SFML-2.6.1\lib\sfml-graphics-d.lib : warning LNK4272: el tipo de máquina de biblioteca 'x86' está en conflicto con el tipo de máquina de destino 'x64'
C:\SFML-2.6.1\lib\sfml-window-d.lib : warning LNK4272: el tipo de máquina de biblioteca 'x86' está en conflicto con el tipo de máquina de destino 'x64'
C:\SFML-2.6.1\lib\sfml-audio-d.lib : warning LNK4272: el tipo de máquina de biblioteca 'x86' está en conflicto con el tipo de máquina de destino 'x64'
C:\SFML-2.6.1\lib\sfml-network-d.lib : warning LNK4272: el tipo de máquina de biblioteca 'x86' está en conflicto con el tipo de máquina de destino 'x64'
C:\SFML-2.6.1\lib\sfml-system-d.lib : warning LNK4272: el tipo de máquina de biblioteca 'x86' está en conflicto con el tipo de máquina de destino 'x64'
C:\Users\pilon\Desktop\PROYECTOS VS\PUZZLE-LOL c++\x64\Debug\Rompecabezas.exe : fatal error LNK1120: 83 externos sin resolver
